[INFO] 17:07:57:614 DAM/(5653:5653): Leo archivo INFO
[INFO] 17:09:39:451 DAM/(5731:5731): Leo archivo INFO
[INFO] 17:14:36:510 DAM/(5994:5994): Leo archivo INFO
[INFO] 17:17:07:514 DAM/(6199:6199): Leo archivo INFO
[INFO] 17:19:00:354 DAM/(6226:6226): Leo archivo INFO
[INFO] 17:19:50:617 DAM/(6315:6315): Leo archivo INFO
[INFO] 17:20:06:123 DAM/(6340:6340): Leo archivo INFO
[INFO] 17:20:08:227 DAM/(6351:6351): Leo archivo INFO
[INFO] 17:20:09:411 DAM/(6364:6364): Leo archivo INFO
[INFO] 17:20:11:815 DAM/(6375:6375): Leo archivo INFO
[INFO] 17:20:24:808 DAM/(6386:6386): Leo archivo INFO
[INFO] 17:20:26:271 DAM/(6400:6400): Leo archivo INFO
[INFO] 17:20:27:468 DAM/(6412:6412): Leo archivo INFO
[INFO] 17:20:28:492 DAM/(6423:6423): Leo archivo INFO
[INFO] 17:20:29:560 DAM/(6436:6436): Leo archivo INFO
[INFO] 17:21:17:871 DAM/(6469:6469): Leo archivo INFO
[INFO] 17:27:54:256 DAM/(6736:6736): Leo archivo INFO
[INFO] 17:31:45:724 DAM/(7170:7170): Leo archivo INFO
[INFO] 17:32:34:50 DAM/(7246:7246): Leo archivo INFO
[INFO] 14:43:05:542 DAM/(4426:4426): INICIO DAM
[INFO] 14:43:05:544 DAM/(4426:4426): Leo archivo INFO
[INFO] 14:44:26:273 DAM/(4506:4506): INICIO DAM
[INFO] 14:44:26:275 DAM/(4506:4506): Leo archivo configuraciones
[INFO] 14:44:51:295 DAM/(4557:4557): INICIO DAM
[INFO] 14:44:51:299 DAM/(4557:4557): Leo archivo cfg Dam.log
[INFO] 14:45:08:167 DAM/(4610:4610): INICIO DAM
[INFO] 14:45:08:169 DAM/(4610:4610): Leido archivo cfg Dam.log
[INFO] 14:45:37:809 DAM/(4661:4661): INICIO DAM
[INFO] 14:45:37:809 DAM/(4661:4661): Leido archivo dam.cfg
[INFO] 18:53:45:410 DAM/(6189:6189): INICIO DAM
[INFO] 18:53:45:410 DAM/(6189:6189): Leido archivo dam.cfg
[INFO] 18:54:33:112 DAM/(6260:6260): INICIO DAM
[INFO] 18:54:33:112 DAM/(6260:6260): Leido archivo dam.cfg
[INFO] 18:54:33:112 DAM/(6260:6260): Realizada Conexiones safa/mdj/fm9
[INFO] 18:54:33:112 DAM/(6260:6260): Servidor con Hilos
[INFO] 18:56:02:706 DAM/(6453:6453): INICIO DAM
[INFO] 18:56:02:707 DAM/(6453:6453): Leido archivo dam.cfg
[INFO] 18:56:02:707 DAM/(6453:6453): Realizada Conexiones safa/mdj/fm9
[INFO] 18:56:02:707 DAM/(6453:6453): Servidor con Hilos
[INFO] 18:58:15:918 DAM/(6453:6545): Conectado CPU
