
[INFO] 08:35:09:304 MDJ/(4455:4455): INICIO MDJ
[INFO] 08:47:27:495 MDJ/(5062:5062): INICIO MDJ
[INFO] 08:47:51:977 MDJ/(5062:5062): Cliente 1 envía asdsdjlkh

[INFO] 08:48:26:586 MDJ/(5160:5160): INICIO MDJ
[INFO] 08:48:31:808 MDJ/(5160:5160): Cliente 1 envía sdkjsd

[INFO] 08:48:32:888 MDJ/(5160:5160): Cliente 1 envía jkadjhgsad

[INFO] 08:48:33:817 MDJ/(5160:5160): Cliente 1 envía jhdasjh

[INFO] 08:48:34:441 MDJ/(5160:5160): INICIO MDJ
[INFO] 08:48:38:802 MDJ/(5160:5160): Cliente 1 envía jhgjsa

[INFO] 08:48:40:594 MDJ/(5160:5160): Cliente 1 envía sajsag asassa

[INFO] 08:48:41:747 MDJ/(5160:5160): INICIO MDJ
[INFO] 08:50:36:858 MDJ/(5304:5304): INICIO MDJ
[INFO] 08:50:44:544 MDJ/(5315:5315): INICIO MDJ
[INFO] 08:50:50:676 MDJ/(5315:5315): Cliente 1 envía jkajs sahjksajksa

[INFO] 08:50:52:549 MDJ/(5315:5315): Cliente 1 envía saasjh sajhsaghjsag

[INFO] 08:50:53:332 MDJ/(5315:5315): INICIO MDJ
[INFO] 08:51:48:111 MDJ/(5383:5383): INICIO MDJ
[INFO] 08:52:34:342 MDJ/(5458:5458): INICIO MDJ
[INFO] 08:55:35:87 MDJ/(5585:5585): INICIO MDJ
[INFO] 08:56:17:912 MDJ/(5666:5666): INICIO MDJ
[INFO] 08:56:34:704 MDJ/(5666:5666): INICIO MDJ
[INFO] 08:57:04:368 MDJ/(5732:5732): INICIO MDJ
[INFO] 08:57:11:172 MDJ/(5732:5732): INICIO MDJ
[INFO] 08:57:30:452 MDJ/(5789:5789): INICIO MDJ
[INFO] 08:57:37:874 MDJ/(5799:5799): INICIO MDJ
[INFO] 08:57:46:71 MDJ/(5799:5799): INICIO MDJ
[INFO] 08:58:25:329 MDJ/(5890:5890): INICIO MDJ
[INFO] 08:58:30:314 MDJ/(5799:5799): INICIO MDJ
[INFO] 08:58:40:531 MDJ/(5908:5908): INICIO MDJ
[INFO] 08:58:50:275 MDJ/(5908:5908): INICIO MDJ
[INFO] 08:59:32:563 MDJ/(5993:5993): INICIO MDJ
[INFO] 08:59:42:995 MDJ/(5993:5993): INICIO MDJ
[INFO] 09:02:46:481 MDJ/(6127:6127): INICIO MDJ
[INFO] 09:02:54:557 MDJ/(6127:6127): INICIO MDJ
[INFO] 09:04:57:730 MDJ/(6233:6233): INICIO MDJ
[INFO] 09:05:07:773 MDJ/(6233:6233): INICIO MDJ
[INFO] 09:07:26:710 MDJ/(6430:6430): INICIO MDJ
[INFO] 09:08:20:164 MDJ/(6492:6492): INICIO MDJ
[INFO] 09:16:13:517 MDJ/(6617:6617): INICIO MDJ
[INFO] 09:16:19:105 MDJ/(6617:6617): INICIO MDJ
[INFO] 09:17:09:605 MDJ/(6707:6707): INICIO MDJ
[INFO] 09:17:17:621 MDJ/(6617:6617): INICIO MDJ
[INFO] 09:18:20:337 MDJ/(6793:6793): INICIO MDJ
[INFO] 09:18:29:802 MDJ/(6810:6810): INICIO MDJ
[INFO] 09:18:38:465 MDJ/(6810:6810): INICIO MDJ
[INFO] 09:19:21:963 MDJ/(6871:6871): INICIO MDJ
[INFO] 09:19:29:880 MDJ/(6881:6881): INICIO MDJ
[INFO] 09:19:41:526 MDJ/(6881:6881): INICIO MDJ
[INFO] 09:20:09:776 MDJ/(6945:6945): INICIO MDJ
[INFO] 09:20:18:656 MDJ/(6945:6945): INICIO MDJ
[INFO] 09:20:47:278 MDJ/(7007:7007): INICIO MDJ
[INFO] 09:20:56:203 MDJ/(7007:7007): INICIO MDJ
[INFO] 09:21:21:488 MDJ/(7065:7065): INICIO MDJ
[INFO] 09:22:11:633 MDJ/(7130:7130): INICIO MDJ
[INFO] 09:22:54:186 MDJ/(7241:7241): INICIO MDJ
[INFO] 09:24:59:905 MDJ/(7369:7369): INICIO MDJ
[INFO] 09:25:04:251 MDJ/(7369:7369): recibi conexion de un cliente
[INFO] 09:25:06:339 MDJ/(7369:7369): recibi conexion de un cliente
[INFO] 09:25:07:228 MDJ/(7369:7369): INICIO MDJ
